<?xml version="1.0" encoding="UTF-8"?>
<!-- Generated by org.testng.reporters.JUnitReportReporter -->
<testsuite hostname="gine" failures="0" tests="1" name="jcommerce.NewTest" time="0.528" errors="0" timestamp="2022-02-24T00:47:31 SGT" skipped="0">
  <testcase classname="jcommerce.NewTest" name="checkTitle" time="0.528"/>
</testsuite> <!-- jcommerce.NewTest -->
