<?xml version="1.0" encoding="UTF-8"?>
<!-- Generated by org.testng.reporters.JUnitReportReporter -->
<testsuite hostname="gine" failures="0" tests="5" name="jcommerce.NewTest" time="2.015" errors="0" timestamp="2022-02-25T13:44:06 SGT" skipped="0">
  <testcase classname="jcommerce.NewTest" name="checkTitle" time="0.351"/>
  <testcase classname="jcommerce.NewTest" name="navigateToCreate" time="0.224"/>
  <testcase classname="jcommerce.NewTest" name="createLocation" time="0.707"/>
  <testcase classname="jcommerce.NewTest" name="editLocation" time="0.573"/>
  <testcase classname="jcommerce.NewTest" name="deleteLocation" time="0.160"/>
</testsuite> <!-- jcommerce.NewTest -->
