<?xml version="1.0" encoding="UTF-8"?>
<!-- Generated by org.testng.reporters.JUnitReportReporter -->
<testsuite hostname="hannah" failures="0" tests="5" name="jcommerce.JcommerceTest" time="82.988" errors="0" timestamp="2022-02-24T04:44:25 SGT" skipped="0">
  <testcase classname="jcommerce.JcommerceTest" name="checkTitle" time="1.127"/>
  <testcase classname="jcommerce.JcommerceTest" name="submitPrice" time="20.551"/>
  <testcase classname="jcommerce.JcommerceTest" name="submitDescription" time="20.497"/>
  <testcase classname="jcommerce.JcommerceTest" name="submitName" time="20.416"/>
  <testcase classname="jcommerce.JcommerceTest" name="submitImage" time="20.397"/>
</testsuite> <!-- jcommerce.JcommerceTest -->
