<?xml version="1.0" encoding="UTF-8"?>
<!-- Generated by org.testng.reporters.JUnitReportReporter -->
<testsuite hostname="MSI" failures="0" tests="4" name="jcommerce.NewTest" time="1.798" errors="0" timestamp="25 Feb 2022 06:39:33 GMT">
  <testcase classname="jcommerce.NewTest" name="deleteAccount" time="0.226"/>
  <testcase classname="jcommerce.NewTest" name="addAccount" time="0.928"/>
  <testcase classname="jcommerce.NewTest" name="checkLogin" time="0.555"/>
  <testcase classname="jcommerce.NewTest" name="checkTitle" time="0.089"/>
</testsuite> <!-- jcommerce.NewTest -->
