<?xml version="1.0" encoding="UTF-8"?>
<!-- Generated by org.testng.reporters.JUnitReportReporter -->
<testsuite hostname="gine" failures="0" tests="2" name="jcommerce.NewTest" time="0.624" errors="0" timestamp="2022-02-24T04:52:22 SGT" skipped="0">
  <testcase classname="jcommerce.NewTest" name="checkTitle" time="0.452"/>
  <testcase classname="jcommerce.NewTest" name="navigateToCreate" time="0.172"/>
</testsuite> <!-- jcommerce.NewTest -->
