<?xml version="1.0" encoding="UTF-8"?>
<!-- Generated by org.testng.reporters.JUnitReportReporter -->
<testsuite hostname="hannah" failures="0" tests="1" name="jcommerce.JcommerceTest" time="0.169" errors="0" timestamp="2022-02-23T21:04:36 SGT" skipped="0">
  <testcase classname="jcommerce.JcommerceTest" name="checkTitle" time="0.169"/>
</testsuite> <!-- jcommerce.JcommerceTest -->
