<?xml version="1.0" encoding="UTF-8"?>
<!-- Generated by org.testng.reporters.JUnitReportReporter -->
<testsuite hostname="gine" failures="0" tests="5" name="jcommerce.NewTest" time="5.066" errors="0" timestamp="2022-02-25T17:40:51 SGT" skipped="0">
  <testcase classname="jcommerce.NewTest" name="checkTitle" time="0.880"/>
  <testcase classname="jcommerce.NewTest" name="navigateToCreate" time="0.330"/>
  <testcase classname="jcommerce.NewTest" name="createLocation" time="1.676"/>
  <testcase classname="jcommerce.NewTest" name="editLocation" time="1.556"/>
  <testcase classname="jcommerce.NewTest" name="deleteLocation" time="0.624"/>
</testsuite> <!-- jcommerce.NewTest -->
